[    1435ms] [WARNING] BASE_URL_ATTR "data-base-url" not found @ https://static.oracle.com/cdn/fa/oj-hcm-ce/2601.19.260780122/js/main-minimal.js:1
[    1445ms] [INFO] No translation for key: apply-flow.communication-channel.sms-button-label (en) @ https://static.oracle.com/cdn/fa/oj-hcm-ce/2601.19.260780122/js/main-minimal.js:1
[    1445ms] [INFO] No translation for key: apply-flow.communication-channel.whatsapp-button-label (en) @ https://static.oracle.com/cdn/fa/oj-hcm-ce/2601.19.260780122/js/main-minimal.js:1
[    1468ms] [WARNING] Unknown global setting - ORA_IRC_CE_GJS_ENABLED @ https://static.oracle.com/cdn/fa/oj-hcm-ce/2601.19.260780122/js/main-minimal.js:1
[    1468ms] [WARNING] Unknown global setting - ORA_IRC_USER_TRACKING_ENABLE @ https://static.oracle.com/cdn/fa/oj-hcm-ce/2601.19.260780122/js/main-minimal.js:1
[    1468ms] [WARNING] Unknown global setting - ORA_IRC_NUMBER_OF_JOBS_TO_BE_LOADED_ON_MAP @ https://static.oracle.com/cdn/fa/oj-hcm-ce/2601.19.260780122/js/main-minimal.js:1
[    1468ms] [WARNING] Unknown global setting - ORA_IRC_FALLBACK_TO_SPRING @ https://static.oracle.com/cdn/fa/oj-hcm-ce/2601.19.260780122/js/main-minimal.js:1
[    1468ms] [WARNING] Unknown global setting - IRC_CE_USE_MODERN_TEMPLATE @ https://static.oracle.com/cdn/fa/oj-hcm-ce/2601.19.260780122/js/main-minimal.js:1
[    1468ms] [WARNING] Unknown global setting - ORA_IRC_EXWKR_CWKEXT_CITIZENSHIP_UPDATE_RECRUITER @ https://static.oracle.com/cdn/fa/oj-hcm-ce/2601.19.260780122/js/main-minimal.js:1
[    1468ms] [WARNING] Unknown global setting - IRC_CE_AGENT_STARTER_MESSAGE @ https://static.oracle.com/cdn/fa/oj-hcm-ce/2601.19.260780122/js/main-minimal.js:1
[    1496ms] [INFO] No translation for key: admin.ai-assistant-editor.header-background-color-label (en) @ https://static.oracle.com/cdn/fa/oj-hcm-ce/2601.19.260780122/js/main-minimal.js:1
[    1504ms] [INFO] No translation for key: Skip to main content. (en) @ https://static.oracle.com/cdn/fa/oj-hcm-ce/2601.19.260780122/js/main-minimal.js:1
[    1557ms] [ERROR] ORA global namespace already in use, Infinity not loaded/setup @ https://c.oracleinfinity.io/acs/account/fp3kyrmvtg/js/prod/odc.js:68
[    2087ms] [ERROR] TypeError: Failed to fetch
    at s (https://static.oracle.com/cdn/fa/oj-hcm-ce/2601.19.260780122/js/main-minimal.js:2:2634618)
    at https://static.oracle.com/cdn/fa/oj-hcm-ce/2601.19.260780122/js/main-minimal.js:2:2634785
    at Object.request (https://static.oracle.com/cdn/fa/oj-hcm-ce/2601.19.260780122/js/main-minimal.js:2:2635096)
    at Object._standard (https://static.oracle.com/cdn/fa/oj-hcm-ce/2601.19.260780122/js/main-minimal.js:2:2636356)
    at Object._queue (https://static.oracle.com/cdn/fa/oj-hcm-ce/2601.19.260780122/js/main-minimal.js:2:2636747)
    at Object.create (https://static.oracle.com/cdn/fa/oj-hcm-ce/2601.19.260780122/js/main-minimal.js:2:2636295)
    at d (https://static.oracle.com/cdn/fa/oj-hcm-ce/2601.19.260780122/js/main-minimal.js:2:2630485)
    at c (https://static.oracle.com/cdn/fa/oj-hcm-ce/2601.19.260780122/js/main-minimal.js:2:2630331)
    at Object.get (https://static.oracle.com/cdn/fa/oj-hcm-ce/2601.19.260780122/js/main-minimal.js:2:2631669)
    at Ni.searchFacets (https://static.oracle.com/cdn/fa/oj-hcm-ce/2601.19.260780122/js/main-minimal.js:2:2873731) @ https://static.oracle.com/cdn/fa/oj-hcm-ce/2601.19.260780122/js/main-minimal.js:1
[    2088ms] [ERROR] TypeError: Failed to fetch
    at s (https://static.oracle.com/cdn/fa/oj-hcm-ce/2601.19.260780122/js/main-minimal.js:2:2634618)
    at https://static.oracle.com/cdn/fa/oj-hcm-ce/2601.19.260780122/js/main-minimal.js:2:2634785
    at Object.request (https://static.oracle.com/cdn/fa/oj-hcm-ce/2601.19.260780122/js/main-minimal.js:2:2635096)
    at Object._standard (https://static.oracle.com/cdn/fa/oj-hcm-ce/2601.19.260780122/js/main-minimal.js:2:2636356)
    at Object._queue (https://static.oracle.com/cdn/fa/oj-hcm-ce/2601.19.260780122/js/main-minimal.js:2:2636747)
    at Object.create (https://static.oracle.com/cdn/fa/oj-hcm-ce/2601.19.260780122/js/main-minimal.js:2:2636295)
    at d (https://static.oracle.com/cdn/fa/oj-hcm-ce/2601.19.260780122/js/main-minimal.js:2:2630485)
    at c (https://static.oracle.com/cdn/fa/oj-hcm-ce/2601.19.260780122/js/main-minimal.js:2:2630331)
    at Object.get (https://static.oracle.com/cdn/fa/oj-hcm-ce/2601.19.260780122/js/main-minimal.js:2:2631669)
    at Ni.searchEvents (https://static.oracle.com/cdn/fa/oj-hcm-ce/2601.19.260780122/js/main-minimal.js:2:2870076) @ https://static.oracle.com/cdn/fa/oj-hcm-ce/2601.19.260780122/js/main-minimal.js:1
[    2107ms] [WARNING] BASE_URL_ATTR "data-base-url" not found @ https://static.oracle.com/cdn/fa/oj-hcm-ce/2601.19.260780122/js/main-minimal.js:1
[    2111ms] [INFO] No translation for key: apply-flow.communication-channel.sms-button-label (en) @ https://static.oracle.com/cdn/fa/oj-hcm-ce/2601.19.260780122/js/main-minimal.js:1
[    2111ms] [INFO] No translation for key: apply-flow.communication-channel.whatsapp-button-label (en) @ https://static.oracle.com/cdn/fa/oj-hcm-ce/2601.19.260780122/js/main-minimal.js:1
[    2126ms] [WARNING] Unknown global setting - ORA_IRC_CE_GJS_ENABLED @ https://static.oracle.com/cdn/fa/oj-hcm-ce/2601.19.260780122/js/main-minimal.js:1
[    2127ms] [WARNING] Unknown global setting - ORA_IRC_USER_TRACKING_ENABLE @ https://static.oracle.com/cdn/fa/oj-hcm-ce/2601.19.260780122/js/main-minimal.js:1
[    2127ms] [WARNING] Unknown global setting - ORA_IRC_NUMBER_OF_JOBS_TO_BE_LOADED_ON_MAP @ https://static.oracle.com/cdn/fa/oj-hcm-ce/2601.19.260780122/js/main-minimal.js:1
[    2127ms] [WARNING] Unknown global setting - ORA_IRC_FALLBACK_TO_SPRING @ https://static.oracle.com/cdn/fa/oj-hcm-ce/2601.19.260780122/js/main-minimal.js:1
[    2127ms] [WARNING] Unknown global setting - IRC_CE_USE_MODERN_TEMPLATE @ https://static.oracle.com/cdn/fa/oj-hcm-ce/2601.19.260780122/js/main-minimal.js:1
[    2127ms] [WARNING] Unknown global setting - ORA_IRC_EXWKR_CWKEXT_CITIZENSHIP_UPDATE_RECRUITER @ https://static.oracle.com/cdn/fa/oj-hcm-ce/2601.19.260780122/js/main-minimal.js:1
[    2127ms] [WARNING] Unknown global setting - IRC_CE_AGENT_STARTER_MESSAGE @ https://static.oracle.com/cdn/fa/oj-hcm-ce/2601.19.260780122/js/main-minimal.js:1
[    2151ms] [INFO] No translation for key: admin.ai-assistant-editor.header-background-color-label (en) @ https://static.oracle.com/cdn/fa/oj-hcm-ce/2601.19.260780122/js/main-minimal.js:1
[    2159ms] [INFO] No translation for key: Skip to main content. (en) @ https://static.oracle.com/cdn/fa/oj-hcm-ce/2601.19.260780122/js/main-minimal.js:1
[    2196ms] [ERROR] ORA global namespace already in use, Infinity not loaded/setup @ https://c.oracleinfinity.io/acs/account/fp3kyrmvtg/js/prod/odc.js:68
[   12130ms] [ERROR] undefined @ https://static.oracle.com/cdn/fa/oj-hcm-ce/2601.19.260780122/js/main-minimal.js:1
