[     829ms] [ERROR] Failed to load resource: the server responded with a status of 404 () @ https://www.ibm.com/content/adobe-cms/us/en/careers/search/jcr:content/root/leadspace_container/leadspace/image.coreimg.jpeg/1776848336871/search_leadspace.png:0
[    1404ms] [WARNING] Warning: c4d-masthead's "navLinks" property is deprecated. Use "l0Data" property instead. @ https://www.ibm.com/etc.clientlibs/adobe-cms/clientlibs/clientlib-masthead-container.lc-77093780f8de7b2544462ac5bafdd6a5-lc.min.js:1272
[    1404ms] [WARNING] Warning: c4d-masthead's "navLinks" property is deprecated. Use "l0Data" property instead. @ https://www.ibm.com/etc.clientlibs/adobe-cms/clientlibs/clientlib-masthead-container.lc-77093780f8de7b2544462ac5bafdd6a5-lc.min.js:1272
[    1464ms] [WARNING] Warning: c4d-masthead's "navLinks" property is deprecated. Use "l0Data" property instead. @ https://www.ibm.com/etc.clientlibs/adobe-cms/clientlibs/clientlib-masthead-container.lc-77093780f8de7b2544462ac5bafdd6a5-lc.min.js:1272
[    1464ms] [WARNING] Warning: c4d-masthead's "navLinks" property is deprecated. Use "l0Data" property instead. @ https://www.ibm.com/etc.clientlibs/adobe-cms/clientlibs/clientlib-masthead-container.lc-77093780f8de7b2544462ac5bafdd6a5-lc.min.js:1272
[    1464ms] [WARNING] Warning: c4d-masthead's "navLinks" property is deprecated. Use "l0Data" property instead. @ https://www.ibm.com/etc.clientlibs/adobe-cms/clientlibs/clientlib-masthead-container.lc-77093780f8de7b2544462ac5bafdd6a5-lc.min.js:1272
[    1464ms] [WARNING] Warning: c4d-masthead's "navLinks" property is deprecated. Use "l0Data" property instead. @ https://www.ibm.com/etc.clientlibs/adobe-cms/clientlibs/clientlib-masthead-container.lc-77093780f8de7b2544462ac5bafdd6a5-lc.min.js:1272
[    1465ms] [WARNING] Warning: c4d-masthead's "navLinks" property is deprecated. Use "l0Data" property instead. @ https://www.ibm.com/etc.clientlibs/adobe-cms/clientlibs/clientlib-masthead-container.lc-77093780f8de7b2544462ac5bafdd6a5-lc.min.js:1272
[    1465ms] [WARNING] Warning: c4d-masthead's "navLinks" property is deprecated. Use "l0Data" property instead. @ https://www.ibm.com/etc.clientlibs/adobe-cms/clientlibs/clientlib-masthead-container.lc-77093780f8de7b2544462ac5bafdd6a5-lc.min.js:1272
[    1506ms] [WARNING] Attempting to re-define cds-button @ https://www.ibm.com/etc.clientlibs/adobe-cms/clientlibs/clientlib-button-group.lc-cb0cd7b0d9fdb71d56b96d11db002cd5-lc.min.js:1
[    1507ms] [WARNING] Attempting to re-define c4d-button @ https://www.ibm.com/etc.clientlibs/adobe-cms/clientlibs/clientlib-button-group.lc-cb0cd7b0d9fdb71d56b96d11db002cd5-lc.min.js:1
[    1528ms] [WARNING] Attempting to re-define c4d-expressive-modal @ https://www.ibm.com/etc.clientlibs/adobe-cms/clientlibs/clientlib-background-media.lc-b842aca4907bcc8bcae6feaa08926337-lc.min.js:1
[    1528ms] [WARNING] Attempting to re-define cds-modal-close-button @ https://www.ibm.com/etc.clientlibs/adobe-cms/clientlibs/clientlib-background-media.lc-b842aca4907bcc8bcae6feaa08926337-lc.min.js:1
[    1528ms] [WARNING] Attempting to re-define c4d-expressive-modal-close-button @ https://www.ibm.com/etc.clientlibs/adobe-cms/clientlibs/clientlib-background-media.lc-b842aca4907bcc8bcae6feaa08926337-lc.min.js:1
[    1528ms] [WARNING] Attempting to re-define c4d-lightbox-image-viewer @ https://www.ibm.com/etc.clientlibs/adobe-cms/clientlibs/clientlib-background-media.lc-b842aca4907bcc8bcae6feaa08926337-lc.min.js:1
[    1529ms] [WARNING] Attempting to re-define cds-button @ https://www.ibm.com/etc.clientlibs/adobe-cms/clientlibs/clientlib-background-media.lc-b842aca4907bcc8bcae6feaa08926337-lc.min.js:1
[    1530ms] [WARNING] Attempting to re-define c4d-button @ https://www.ibm.com/etc.clientlibs/adobe-cms/clientlibs/clientlib-background-media.lc-b842aca4907bcc8bcae6feaa08926337-lc.min.js:1
[    1530ms] [WARNING] Attempting to re-define c4d-image @ https://www.ibm.com/etc.clientlibs/adobe-cms/clientlibs/clientlib-background-media.lc-b842aca4907bcc8bcae6feaa08926337-lc.min.js:1
[    1537ms] [LOG] false @ https://www.ibm.com/etc.clientlibs/adobe-cms/clientlibs/clientlib-background-media.lc-b842aca4907bcc8bcae6feaa08926337-lc.min.js:295
[    1556ms] [WARNING] Attempting to re-define cds-link @ https://www.ibm.com/etc.clientlibs/adobe-cms/clientlibs/clientlib-link-list.lc-1b40a421b908638806a9252368dc1575-lc.min.js:1
[    1593ms] [WARNING] Attempting to re-define cds-link @ https://www.ibm.com/etc.clientlibs/adobe-cms/clientlibs/clientlib-cta-block.lc-afd59afd6e34bb7bfe0bf1c83f26d675-lc.min.js:1
[    1602ms] [WARNING] Attempting to re-define c4d-link-with-icon @ https://www.ibm.com/etc.clientlibs/adobe-cms/clientlibs/clientlib-cta-block.lc-afd59afd6e34bb7bfe0bf1c83f26d675-lc.min.js:1
[    1603ms] [WARNING] Attempting to re-define cds-button @ https://www.ibm.com/etc.clientlibs/adobe-cms/clientlibs/clientlib-cta-block.lc-afd59afd6e34bb7bfe0bf1c83f26d675-lc.min.js:1
[    1603ms] [WARNING] Attempting to re-define c4d-button @ https://www.ibm.com/etc.clientlibs/adobe-cms/clientlibs/clientlib-cta-block.lc-afd59afd6e34bb7bfe0bf1c83f26d675-lc.min.js:1
[    1603ms] [WARNING] Attempting to re-define c4d-button-group @ https://www.ibm.com/etc.clientlibs/adobe-cms/clientlibs/clientlib-cta-block.lc-afd59afd6e34bb7bfe0bf1c83f26d675-lc.min.js:1
[    1603ms] [WARNING] Attempting to re-define c4d-button-group-item @ https://www.ibm.com/etc.clientlibs/adobe-cms/clientlibs/clientlib-cta-block.lc-afd59afd6e34bb7bfe0bf1c83f26d675-lc.min.js:1
[    1607ms] [WARNING] The cta-block component has been deprecated in favor of the content-section/block and content-item components. See content-section/block and content-items documentation for more information. @ https://www.ibm.com/etc.clientlibs/adobe-cms/clientlibs/clientlib-cta-block.lc-afd59afd6e34bb7bfe0bf1c83f26d675-lc.min.js:210
[    1607ms] [WARNING] The cta-block-item-row component has been deprecated in favor of the content-section/block and content-item components. See content-section/block and content-items documentation for more information. @ https://www.ibm.com/etc.clientlibs/adobe-cms/clientlibs/clientlib-cta-block.lc-afd59afd6e34bb7bfe0bf1c83f26d675-lc.min.js:210
[    1612ms] [WARNING] The cta-block-item component has been deprecated in favor of the content-section/block and content-item components. See content-section/block and content-items documentation for more information. @ https://www.ibm.com/etc.clientlibs/adobe-cms/clientlibs/clientlib-cta-block.lc-afd59afd6e34bb7bfe0bf1c83f26d675-lc.min.js:230
[    1618ms] [WARNING] The c4d-feature-cta component has been deprecated. All its features have been absorbed into
  the base c4d-feature-card component. See migration guide for more information. @ https://www.ibm.com/etc.clientlibs/adobe-cms/clientlibs/clientlib-cta-block.lc-afd59afd6e34bb7bfe0bf1c83f26d675-lc.min.js:239
[    1686ms] [WARNING] Attempting to re-define cds-button @ https://www.ibm.com/etc.clientlibs/adobe-cms/clientlibs/clientlib-cibm-cta.lc-f0cf4ba6839d4728f28421f230b806ae-lc.min.js:1
[    1686ms] [WARNING] Attempting to re-define c4d-button @ https://www.ibm.com/etc.clientlibs/adobe-cms/clientlibs/clientlib-cibm-cta.lc-f0cf4ba6839d4728f28421f230b806ae-lc.min.js:1
[    1687ms] [WARNING] Attempting to re-define c4d-button-group-item @ https://www.ibm.com/etc.clientlibs/adobe-cms/clientlibs/clientlib-cibm-cta.lc-f0cf4ba6839d4728f28421f230b806ae-lc.min.js:1
[    1687ms] [WARNING] The c4d-buton-cta component has been deprecated. All its features have been absorbed into
  the base c4d-button component. See migration guide for more information. @ https://www.ibm.com/etc.clientlibs/adobe-cms/clientlibs/clientlib-cibm-cta.lc-f0cf4ba6839d4728f28421f230b806ae-lc.min.js:79
[    1687ms] [WARNING] Attempting to re-define cds-link @ https://www.ibm.com/etc.clientlibs/adobe-cms/clientlibs/clientlib-cibm-cta.lc-f0cf4ba6839d4728f28421f230b806ae-lc.min.js:1
[    1688ms] [WARNING] Attempting to re-define c4d-expressive-modal @ https://www.ibm.com/etc.clientlibs/adobe-cms/clientlibs/clientlib-cibm-cta.lc-f0cf4ba6839d4728f28421f230b806ae-lc.min.js:1
[    1688ms] [WARNING] Attempting to re-define cds-modal-close-button @ https://www.ibm.com/etc.clientlibs/adobe-cms/clientlibs/clientlib-cibm-cta.lc-f0cf4ba6839d4728f28421f230b806ae-lc.min.js:1
[    1688ms] [WARNING] Attempting to re-define c4d-expressive-modal-close-button @ https://www.ibm.com/etc.clientlibs/adobe-cms/clientlibs/clientlib-cibm-cta.lc-f0cf4ba6839d4728f28421f230b806ae-lc.min.js:1
[    1689ms] [WARNING] Attempting to re-define c4d-lightbox-image-viewer @ https://www.ibm.com/etc.clientlibs/adobe-cms/clientlibs/clientlib-cibm-cta.lc-f0cf4ba6839d4728f28421f230b806ae-lc.min.js:1
[    1689ms] [WARNING] Attempting to re-define c4d-image @ https://www.ibm.com/etc.clientlibs/adobe-cms/clientlibs/clientlib-cibm-cta.lc-f0cf4ba6839d4728f28421f230b806ae-lc.min.js:1
[    1689ms] [WARNING] Attempting to re-define c4d-link-with-icon @ https://www.ibm.com/etc.clientlibs/adobe-cms/clientlibs/clientlib-cibm-cta.lc-f0cf4ba6839d4728f28421f230b806ae-lc.min.js:1
[    1690ms] [WARNING] The c4d-card-cta component has been deprecated. All its features have been absorbed into
  the base c4d-card component. See migration guide for more information. @ https://www.ibm.com/etc.clientlibs/adobe-cms/clientlibs/clientlib-cibm-cta.lc-f0cf4ba6839d4728f28421f230b806ae-lc.min.js:359
[    1690ms] [WARNING] The card-link component has been deprecated in favor of the card (link variant) component. See card documentation for more information. @ https://www.ibm.com/etc.clientlibs/adobe-cms/clientlibs/clientlib-cibm-cta.lc-f0cf4ba6839d4728f28421f230b806ae-lc.min.js:359
[    1690ms] [WARNING] The c4d-feature-cta component has been deprecated. All its features have been absorbed into
  the base c4d-feature-card component. See migration guide for more information. @ https://www.ibm.com/etc.clientlibs/adobe-cms/clientlibs/clientlib-cibm-cta.lc-f0cf4ba6839d4728f28421f230b806ae-lc.min.js:379
[    1690ms] [WARNING] Attempting to re-define c4d-text-cta @ https://www.ibm.com/etc.clientlibs/adobe-cms/clientlibs/clientlib-cibm-cta.lc-f0cf4ba6839d4728f28421f230b806ae-lc.min.js:1
[    1690ms] [WARNING] The c4d-feature-cta component has been deprecated. All its features have been absorbed into
  the base c4d-feature-card component. See migration guide for more information. @ https://www.ibm.com/etc.clientlibs/adobe-cms/clientlibs/clientlib-cibm-cta.lc-f0cf4ba6839d4728f28421f230b806ae-lc.min.js:383
[    1691ms] [WARNING] Attempting to re-define c4d-video-player-v7 @ https://www.ibm.com/etc.clientlibs/adobe-cms/clientlibs/clientlib-cibm-cta.lc-f0cf4ba6839d4728f28421f230b806ae-lc.min.js:1
[    1692ms] [WARNING] Attempting to re-define c4d-video-player-composite-v7 @ https://www.ibm.com/etc.clientlibs/adobe-cms/clientlibs/clientlib-cibm-cta.lc-f0cf4ba6839d4728f28421f230b806ae-lc.min.js:1
[    1693ms] [WARNING] Attempting to re-define c4d-video-player-container-v7 @ https://www.ibm.com/etc.clientlibs/adobe-cms/clientlibs/clientlib-cibm-cta.lc-f0cf4ba6839d4728f28421f230b806ae-lc.min.js:1
[    1693ms] [WARNING] Attempting to re-define c4d-lightbox-video-player @ https://www.ibm.com/etc.clientlibs/adobe-cms/clientlibs/clientlib-cibm-cta.lc-f0cf4ba6839d4728f28421f230b806ae-lc.min.js:1
[    1693ms] [WARNING] Attempting to re-define c4d-lightbox-video-player-composite @ https://www.ibm.com/etc.clientlibs/adobe-cms/clientlibs/clientlib-cibm-cta.lc-f0cf4ba6839d4728f28421f230b806ae-lc.min.js:1
[    1695ms] [WARNING] The c4d-cta component has been deprecated in favor of the c4d-card, c4d-feature-card, c4d-link-with-icon,
  and c4d-button-group. See migration guide for more information. @ https://www.ibm.com/etc.clientlibs/adobe-cms/clientlibs/clientlib-cibm-cta.lc-f0cf4ba6839d4728f28421f230b806ae-lc.min.js:508
[    1796ms] [WARNING] Attempting to re-define cds-dropdown @ https://www.ibm.com/etc.clientlibs/adobe-cms/clientlibs/clientlib-footer.lc-315849e31abb7f216a94291f369bc67b-lc.min.js:1
[    1797ms] [WARNING] Attempting to re-define c4d-expressive-modal @ https://www.ibm.com/etc.clientlibs/adobe-cms/clientlibs/clientlib-footer.lc-315849e31abb7f216a94291f369bc67b-lc.min.js:1
[    1797ms] [WARNING] Attempting to re-define cds-modal-close-button @ https://www.ibm.com/etc.clientlibs/adobe-cms/clientlibs/clientlib-footer.lc-315849e31abb7f216a94291f369bc67b-lc.min.js:1
[    1797ms] [WARNING] Attempting to re-define c4d-expressive-modal-close-button @ https://www.ibm.com/etc.clientlibs/adobe-cms/clientlibs/clientlib-footer.lc-315849e31abb7f216a94291f369bc67b-lc.min.js:1
[    1797ms] [WARNING] Attempting to re-define cds-link @ https://www.ibm.com/etc.clientlibs/adobe-cms/clientlibs/clientlib-footer.lc-315849e31abb7f216a94291f369bc67b-lc.min.js:1
[    1800ms] [WARNING] Attempting to re-define c4d-link-with-icon @ https://www.ibm.com/etc.clientlibs/adobe-cms/clientlibs/clientlib-footer.lc-315849e31abb7f216a94291f369bc67b-lc.min.js:1
[    1801ms] [WARNING] Attempting to re-define c4d-card @ https://www.ibm.com/etc.clientlibs/adobe-cms/clientlibs/clientlib-footer.lc-315849e31abb7f216a94291f369bc67b-lc.min.js:1
[    1802ms] [WARNING] Attempting to re-define c4d-card-heading @ https://www.ibm.com/etc.clientlibs/adobe-cms/clientlibs/clientlib-footer.lc-315849e31abb7f216a94291f369bc67b-lc.min.js:1
[    1802ms] [WARNING] Attempting to re-define c4d-card-footer @ https://www.ibm.com/etc.clientlibs/adobe-cms/clientlibs/clientlib-footer.lc-315849e31abb7f216a94291f369bc67b-lc.min.js:1
[    1839ms] [WARNING] <c4d-footer>: locale-button slot is deprecated and will be removed. @ https://www.ibm.com/etc.clientlibs/adobe-cms/clientlibs/clientlib-footer.lc-315849e31abb7f216a94291f369bc67b-lc.min.js:16
[    1843ms] [ERROR] Refused to set unsafe header "origin" @ https://www.ibm.com/etc.clientlibs/adobe-cms/clientlibs/clientlib-footer.lc-315849e31abb7f216a94291f369bc67b-lc.min.js:1
[    1876ms] [WARNING] Attempting to re-define c4d-expressive-modal @ https://www.ibm.com/etc.clientlibs/adobe-cms/clientlibs/clientlib-video-player-v7.lc-9cc56bcad08274395b2024f3af1b8ce5-lc.min.js:1
[    1876ms] [WARNING] Attempting to re-define cds-modal-close-button @ https://www.ibm.com/etc.clientlibs/adobe-cms/clientlibs/clientlib-video-player-v7.lc-9cc56bcad08274395b2024f3af1b8ce5-lc.min.js:1
[    1876ms] [WARNING] Attempting to re-define c4d-expressive-modal-close-button @ https://www.ibm.com/etc.clientlibs/adobe-cms/clientlibs/clientlib-video-player-v7.lc-9cc56bcad08274395b2024f3af1b8ce5-lc.min.js:1
[    1876ms] [WARNING] Attempting to re-define c4d-lightbox-image-viewer @ https://www.ibm.com/etc.clientlibs/adobe-cms/clientlibs/clientlib-video-player-v7.lc-9cc56bcad08274395b2024f3af1b8ce5-lc.min.js:1
[    1877ms] [WARNING] Attempting to re-define cds-button @ https://www.ibm.com/etc.clientlibs/adobe-cms/clientlibs/clientlib-video-player-v7.lc-9cc56bcad08274395b2024f3af1b8ce5-lc.min.js:1
[    1877ms] [WARNING] Attempting to re-define c4d-button @ https://www.ibm.com/etc.clientlibs/adobe-cms/clientlibs/clientlib-video-player-v7.lc-9cc56bcad08274395b2024f3af1b8ce5-lc.min.js:1
[    1878ms] [WARNING] Attempting to re-define c4d-image @ https://www.ibm.com/etc.clientlibs/adobe-cms/clientlibs/clientlib-video-player-v7.lc-9cc56bcad08274395b2024f3af1b8ce5-lc.min.js:1
[    1878ms] [WARNING] Attempting to re-define c4d-video-player-v7 @ https://www.ibm.com/etc.clientlibs/adobe-cms/clientlibs/clientlib-video-player-v7.lc-9cc56bcad08274395b2024f3af1b8ce5-lc.min.js:1
[    1878ms] [WARNING] Attempting to re-define c4d-video-player-composite-v7 @ https://www.ibm.com/etc.clientlibs/adobe-cms/clientlibs/clientlib-video-player-v7.lc-9cc56bcad08274395b2024f3af1b8ce5-lc.min.js:1
[    1880ms] [WARNING] Attempting to re-define c4d-video-player-container-v7 @ https://www.ibm.com/etc.clientlibs/adobe-cms/clientlibs/clientlib-video-player-v7.lc-9cc56bcad08274395b2024f3af1b8ce5-lc.min.js:1
[    1891ms] [WARNING] Attempting to re-define cds-popover @ https://www.ibm.com/etc.clientlibs/adobe-cms/clientlibs/clientlib-cweb-code-snippet.lc-24f99d6b7c4ddaab098e859bb80a2bd4-lc.min.js:1
[    1891ms] [WARNING] Attempting to re-define cds-popover-content @ https://www.ibm.com/etc.clientlibs/adobe-cms/clientlibs/clientlib-cweb-code-snippet.lc-24f99d6b7c4ddaab098e859bb80a2bd4-lc.min.js:1
[    1891ms] [WARNING] Attempting to re-define cds-tooltip @ https://www.ibm.com/etc.clientlibs/adobe-cms/clientlibs/clientlib-cweb-code-snippet.lc-24f99d6b7c4ddaab098e859bb80a2bd4-lc.min.js:1
[    1892ms] [WARNING] Attempting to re-define cds-button @ https://www.ibm.com/etc.clientlibs/adobe-cms/clientlibs/clientlib-cweb-code-snippet.lc-24f99d6b7c4ddaab098e859bb80a2bd4-lc.min.js:1
[    1907ms] [LOG] Search insight adopter values set to {"appId":"careers","prefix":"careers"} @ https://www.ibm.com/marketplace/static/components/search/insights/ibm-search-insights.js:28
[    1907ms] [LOG] Search insight adopter values set to {"appId":"careers","prefix":"careers"} @ https://www.ibm.com/marketplace/static/components/search/insights/ibm-search-insights.js:28
[    1920ms] [WARNING] Warning: c4d-masthead's "navLinks" property is deprecated. Use "l0Data" property instead. @ https://www.ibm.com/etc.clientlibs/adobe-cms/clientlibs/clientlib-masthead-container.lc-77093780f8de7b2544462ac5bafdd6a5-lc.min.js:1272
[    1920ms] [WARNING] Warning: c4d-masthead's "navLinks" property is deprecated. Use "l0Data" property instead. @ https://www.ibm.com/etc.clientlibs/adobe-cms/clientlibs/clientlib-masthead-container.lc-77093780f8de7b2544462ac5bafdd6a5-lc.min.js:1272
[    1946ms] [WARNING] Warning: c4d-masthead's "navLinks" property is deprecated. Use "l0Data" property instead. @ https://www.ibm.com/etc.clientlibs/adobe-cms/clientlibs/clientlib-masthead-container.lc-77093780f8de7b2544462ac5bafdd6a5-lc.min.js:1272
[    1962ms] [LOG] Fetched Data: {categories: Array(1)} @ https://www.ibm.com/etc.clientlibs/adobe-cms/clientlibs/clientlib-new-design.lc-5e838b2bcba17c567d4bc7353c1b8760-lc.min.js:2
[    2007ms] [LOG] Going to iterate over instancesSettings @ https://assets.adobedtm.com/0f2de1d5b89a/565c2aeb0d39/launch-560e54b3e83c.min.js:15
[    2095ms] [LOG] Smartling Context Tracker is enabled. @ https://d2c7xlmseob604.cloudfront.net/tracker.min.js:0
[    2232ms] [WARNING] 
  The ContentGroupHorizontal component has been deprecated in favor of the ContentBlockHorizontal component.
  See ContentBlockHorizontal documentation for more information.
 @ https://www.ibm.com/marketplace/static/components/search/embedded/v2.2/pages/scoped-no-carbon.js:28
[    2236ms] [WARNING] 
  The React Masthead is now in feature freeze; any new features or enhancements will only be added to the Web Components Masthead. 
  
  We will continue to address any bugs specific to the React version for the rest of of Carbon for IBM.com v1.
  
  Please refer to the Web Components Masthead documentation for further details.
  https://www.ibm.com/standards/carbon/web-components/?path=/docs/components-masthead--default
 @ https://www.ibm.com/marketplace/static/components/search/embedded/v2.2/pages/scoped-no-carbon.js:28
[    2237ms] [WARNING] The FeatureCardBlockLarge component has been deprecated in favor of the FeatureCard component. See FeatureCard's size attribute documentation for more information. @ https://www.ibm.com/marketplace/static/components/search/embedded/v2.2/pages/scoped-no-carbon.js:28
[    2237ms] [WARNING] The FeatureCardBlockMedium component has been deprecated in favor of the FeatureCard component. @ https://www.ibm.com/marketplace/static/components/search/embedded/v2.2/pages/scoped-no-carbon.js:28
[    2237ms] [WARNING] 
  The Layout component has been deprecated in favor of the style mixin and classes.
  See Layout documentation for more information.
 @ https://www.ibm.com/marketplace/static/components/search/embedded/v2.2/pages/scoped-no-carbon.js:28
[    2237ms] [WARNING] 
  The Leadspace Small and Leadspace Small With Image variations are now deprecated.
  Please refer to the Carbon for IBM.com documentation for further details.
  https://www.ibm.com/standards/carbon/components/leadspace
 @ https://www.ibm.com/marketplace/static/components/search/embedded/v2.2/pages/scoped-no-carbon.js:28
[    2260ms] [LOG] Cache number: 8890 @ https://www.ibm.com/marketplace/static/components/search/embedded/v2.2/pages/scoped-no-carbon.js:56
[    2261ms] [LOG] Cache number: 8890 @ https://www.ibm.com/marketplace/static/components/search/embedded/v2.2/pages/scoped-no-carbon.js:56
[    2265ms] [LOG] Cache number: 8890 @ https://www.ibm.com/marketplace/static/components/search/embedded/v2.2/pages/scoped-no-carbon.js:56
[    2265ms] [LOG] Cache number: 8890 @ https://www.ibm.com/marketplace/static/components/search/embedded/v2.2/pages/scoped-no-carbon.js:56
[    2320ms] Error: Minified React error #418; visit https://reactjs.org/docs/error-decoder.html?invariant=418 for the full message or use the non-minified dev environment for full errors and additional helpful warnings.
    at am (https://www.ibm.com/marketplace/static/components/search/embedded/v2.2/runtime/main.js:27:46424)
    at i (https://www.ibm.com/marketplace/static/components/search/embedded/v2.2/runtime/main.js:27:121161)
    at uI (https://www.ibm.com/marketplace/static/components/search/embedded/v2.2/runtime/main.js:27:99114)
    at https://www.ibm.com/marketplace/static/components/search/embedded/v2.2/runtime/main.js:27:98981
    at uM (https://www.ibm.com/marketplace/static/components/search/embedded/v2.2/runtime/main.js:27:98988)
    at uS (https://www.ibm.com/marketplace/static/components/search/embedded/v2.2/runtime/main.js:27:94027)
    at x (https://www.ibm.com/marketplace/static/components/search/embedded/v2.2/runtime/main.js:51:1373)
    at R (https://www.ibm.com/marketplace/static/components/search/embedded/v2.2/runtime/main.js:51:1903)
    at I.<computed> (https://www.ibm.com/marketplace/static/components/search/insights/ibm-search-insights.js:27:151135)
    at R (https://www.ibm.com/marketplace/static/components/search/insights/ibm-search-insights.js:27:150904)
[    2320ms] Error: Minified React error #423; visit https://reactjs.org/docs/error-decoder.html?invariant=423 for the full message or use the non-minified dev environment for full errors and additional helpful warnings.
    at i (https://www.ibm.com/marketplace/static/components/search/embedded/v2.2/runtime/main.js:27:120830)
    at uI (https://www.ibm.com/marketplace/static/components/search/embedded/v2.2/runtime/main.js:27:99114)
    at https://www.ibm.com/marketplace/static/components/search/embedded/v2.2/runtime/main.js:27:98981
    at uM (https://www.ibm.com/marketplace/static/components/search/embedded/v2.2/runtime/main.js:27:98988)
    at ux (https://www.ibm.com/marketplace/static/components/search/embedded/v2.2/runtime/main.js:27:95740)
    at uS (https://www.ibm.com/marketplace/static/components/search/embedded/v2.2/runtime/main.js:27:94295)
    at x (https://www.ibm.com/marketplace/static/components/search/embedded/v2.2/runtime/main.js:51:1373)
    at R (https://www.ibm.com/marketplace/static/components/search/embedded/v2.2/runtime/main.js:51:1903)
    at I.<computed> (https://www.ibm.com/marketplace/static/components/search/insights/ibm-search-insights.js:27:151135)
    at R (https://www.ibm.com/marketplace/static/components/search/insights/ibm-search-insights.js:27:150904)
[    2993ms] [LOG] The current element was not found on the element ref @ https://www.ibm.com/marketplace/static/components/search/embedded/v2.2/pages/scoped-no-carbon.js:56
[    3342ms] [LOG] webchat bundle deploy timestamp 20260421-162555 @ https://1.www.s81c.com/cognitive-tooling-unified-chat/v1/webchat.bundle.js:7
[    3342ms] [LOG] webchat bundle commit 3c52727df1f39946504a17856c5d8f4f649e5ffc @ https://1.www.s81c.com/cognitive-tooling-unified-chat/v1/webchat.bundle.js:7
[    3517ms] [WARNING] +++DBDM-WARNING > events > pageview: Received initial pageview from SPA without window.idaPageIsSPA being set. Please make sure SPA pages set the variable window.idaPageIsSPA to true (boolean) before issuing the call to ibmStats.pageview() @ https://1.www.s81c.com/common/stats/ibm-common.js:7
[    3608ms] [LOG] Page event called @ https://cloud.ibm.com/analytics/build/bluemix-analytics.min.js:1
[    7319ms] [WARNING] The resource https://www.ibm.com/content/adobe-cms/us/en/careers/search/jcr:content/root/leadspace_container/leadspace/image.coreimg.jpeg/1776848336871/search_leadspace.png was preloaded using link preload but not used within a few seconds from the window's load event. Please make sure it has an appropriate `as` value and it is preloaded intentionally. @ https://www.ibm.com/careers/search?field_keyword_18%5B%5D=Software%20Engineer:0
[   11149ms] [WARNING] The resource https://www.ibm.com/content/adobe-cms/us/en/careers/search/jcr:content/root/leadspace_container/leadspace/image.coreimg.jpeg/1776848336871/search_leadspace.png was preloaded using link preload but not used within a few seconds from the window's load event. Please make sure it has an appropriate `as` value and it is preloaded intentionally. @ https://www.ibm.com/careers/search?field_keyword_18%5B%5D=Software%20Engineer:0
