[     875ms] [ERROR] Invalid widget id: ph-social-connect-v1-view5-new @ https://careers.adobe.com/us/en/phenomtrack.min.js:1
[    1050ms] Uncaught ReferenceError: jobCartEle is not defined
    at <anonymous> (https://cdn.phenompeople.com/CareerConnectResources/ADOBUS/en_us/desktop/assets/scripts/1716381327492-custom.js:76:23)
[    1051ms] [INFO] Chatbot is disabled!! @ https://d7pkvxpsevxsc.cloudfront.net/txm-bot/prod/prod.js?v=1781896852771:30
[    1283ms] [LOG] applying roles @ https://cdn.phenompeople.com/CareerConnectResources/common/js/globalplatform/1781675284377_ph-common-bundle-part1-5.0.js:32
[    1289ms] [ERROR] Error in addReqAttrsToChilden TypeError: Cannot read properties of null (reading 'setAttribute')
    at https://cdn.phenompeople.com/CareerConnectResources/common/js/globalplatform/1781675284377_ph-common-bundle-part1-5.0.js:36:526
    at NodeList.forEach (<anonymous>)
    at i (https://cdn.phenompeople.com/CareerConnectResources/common/js/globalplatform/1781675284377_ph-common-bundle-part1-5.0.js:36:408)
    at t (https://cdn.phenompeople.com/CareerConnectResources/common/js/globalplatform/1781675284377_ph-common-bundle-part1-5.0.js:36:235)
    at e.getTemplateUrl (https://cdn.phenompeople.com/CareerConnectResources/common/js/globalplatform/1781675284377_ph-common-bundle-part1-5.0.js:29:4370)
    at e.attached (https://cdn.phenompeople.com/CareerConnectResources/common/js/globalplatform/1781675284377_ph-common-bundle-part1-5.0.js:29:8378)
    at t.attached (https://pp-cdn.phenompeople.com/CareerConnectResources/pp/agWidgets/ph-job-details-v1-job-header-ADOBUS-en_us-page21-4.js:2:22856)
    at e.attached (https://cdn.phenompeople.com/CareerConnectResources/common/js/globalplatform/1766477715895_vendor-bundle-part2-5.0.js:2:28745)
    at e.attached (https://cdn.phenompeople.com/CareerConnectResources/common/js/globalplatform/1766477715895_vendor-bundle-part2-5.0.js:2:6631)
    at e.enhance (https://cdn.phenompeople.com/CareerConnectResources/common/js/globalplatform/1766477715895_vendor-bundle-part2-5.0.js:3:13208) @ https://careers.adobe.com/us/en/phenomtrack.min.js:1
[    1355ms] [ERROR] Error in isChildWidget TypeError: Cannot read properties of null (reading 'matches')
    at d (https://cdn.phenompeople.com/CareerConnectResources/common/js/globalplatform/1781675284377_ph-common-bundle-part1-5.0.js:36:2200)
    at p (https://cdn.phenompeople.com/CareerConnectResources/common/js/globalplatform/1781675284377_ph-common-bundle-part1-5.0.js:36:2014)
    at l (https://cdn.phenompeople.com/CareerConnectResources/common/js/globalplatform/1781675284377_ph-common-bundle-part1-5.0.js:36:1826)
    at t (https://cdn.phenompeople.com/CareerConnectResources/common/js/globalplatform/1781675284377_ph-common-bundle-part1-5.0.js:36:219)
    at e.getTemplateUrl (https://cdn.phenompeople.com/CareerConnectResources/common/js/globalplatform/1781675284377_ph-common-bundle-part1-5.0.js:29:4370)
    at e.attached (https://cdn.phenompeople.com/CareerConnectResources/common/js/globalplatform/1781675284377_ph-common-bundle-part1-5.0.js:29:8378)
    at t.attached (https://pp-cdn.phenompeople.com/CareerConnectResources/pp/agWidgets/ph-job-details-v1-job-header-ADOBUS-en_us-page21-4.js:2:22856)
    at e.attached (https://cdn.phenompeople.com/CareerConnectResources/common/js/globalplatform/1766477715895_vendor-bundle-part2-5.0.js:2:28745)
    at e.attached (https://cdn.phenompeople.com/CareerConnectResources/common/js/globalplatform/1766477715895_vendor-bundle-part2-5.0.js:2:6631)
    at e.add (https://cdn.phenompeople.com/CareerConnectResources/common/js/globalplatform/1766477715895_vendor-bundle-part2-5.0.js:2:8632) @ https://careers.adobe.com/us/en/phenomtrack.min.js:1
[    1372ms] [ERROR] Error in isChildWidget TypeError: Cannot read properties of null (reading 'matches')
    at d (https://cdn.phenompeople.com/CareerConnectResources/common/js/globalplatform/1781675284377_ph-common-bundle-part1-5.0.js:36:2200)
    at p (https://cdn.phenompeople.com/CareerConnectResources/common/js/globalplatform/1781675284377_ph-common-bundle-part1-5.0.js:36:2014)
    at l (https://cdn.phenompeople.com/CareerConnectResources/common/js/globalplatform/1781675284377_ph-common-bundle-part1-5.0.js:36:1826)
    at t (https://cdn.phenompeople.com/CareerConnectResources/common/js/globalplatform/1781675284377_ph-common-bundle-part1-5.0.js:36:219)
    at e.getTemplateUrl (https://cdn.phenompeople.com/CareerConnectResources/common/js/globalplatform/1781675284377_ph-common-bundle-part1-5.0.js:29:4370)
    at e.attached (https://cdn.phenompeople.com/CareerConnectResources/common/js/globalplatform/1781675284377_ph-common-bundle-part1-5.0.js:29:8378)
    at t.attached (https://pp-cdn.phenompeople.com/CareerConnectResources/pp/agWidgets/ph-location-map-v1-default-3.js:3:7508)
    at e.attached (https://cdn.phenompeople.com/CareerConnectResources/common/js/globalplatform/1766477715895_vendor-bundle-part2-5.0.js:2:28745)
    at e.attached (https://cdn.phenompeople.com/CareerConnectResources/common/js/globalplatform/1766477715895_vendor-bundle-part2-5.0.js:2:6631)
    at e.add (https://cdn.phenompeople.com/CareerConnectResources/common/js/globalplatform/1766477715895_vendor-bundle-part2-5.0.js:2:8632) @ https://careers.adobe.com/us/en/phenomtrack.min.js:1
[    1809ms] Uncaught TypeError: Cannot read properties of null (reading 'closest')
    at e.reorderCookieForAlly (https://cdn.phenompeople.com/CareerConnectResources/common/js/ally/ph-ally-layer-v1.20.js:639:32)
    at e.execAll (https://cdn.phenompeople.com/CareerConnectResources/common/js/ally/ph-ally-layer-v1.20.js:523:74)
    at <anonymous> (https://cdn.phenompeople.com/CareerConnectResources/common/js/ally/ph-ally-layer-v1.20.js:759:79)
